 PATH path24 FOUND 
SVG scale factor = 1.000000
SVG offset = 0.000000,0.000000
POLYGON  0)
Move (rel)	raw = 185.40,146.25	coord = 185.40,146.25
curve (rel)	raw = -0.72,-3.16	coord = 184.68,143.09
	raw = 0.70,-2.61	coord = 185.38,140.48
	raw = 3.00,-3.15	coord = 188.38,137.32
	raw = 4.97,-1.17	coord = 193.35,136.15
	raw = 0.86,0.86	coord = 194.21,137.01
	raw = 0.91,1.00	coord = 195.12,138.01
	raw = 0.75,2.17	coord = 195.87,140.17
	raw = -0.23,1.77	coord = 195.64,141.94
	raw = -1.29,2.70	coord = 194.35,144.64
	raw = -3.05,2.70	coord = 191.30,147.35
	raw = -0.89,0.00	coord = 190.41,147.35
	raw = -1.49,-0.17	coord = 188.92,147.18
	raw = -1.96,-0.53	coord = 186.96,146.65
End polygon at 185.40,146.25


Object origin:
5.597900 5.599270

Eagle Command:
set wire_bend 2;
change layer tNames;
set width 0.000500;
poly (R -4.878240 -4.503100) (R -5.597900 -1.339510) (R -4.894780 1.271660) (R -1.898810 4.424420) (R 3.075060 5.599270) (R 3.935510 4.738820) (R 4.843850 3.740720) (R 5.597900 1.573500) (R 5.364900 -0.192030) (R 4.074190 -2.895650) (R 1.025820 -5.599270) (R 0.140800 -5.599270) (R -1.352230 -5.434100) (R -3.312120 -4.901700) (R -4.878240 -4.503100);

